Unity Editor version:    2020.3.22f1 (e1a7f79fd887)
Branch:                  2020.3/staging
Build type:              Release
Batch mode:              YES
macOS version:           Version 12.0.1 (Build 21A559)
Darwin version:          21.1.0
Architecture:            x86_64
Running under Rosetta:   NO
Available memory:        16384 MB
Using pre-set license
Pro License: NO

COMMAND LINE ARGUMENTS:
/Applications/Unity/Hub/Editor/2020.3.22f1/Unity.app/Contents/MacOS/Unity
-adb2
-batchMode
-noUpm
-name
AssetImportWorker0
-projectPath
/Users/james/games/Forest
-logFile
Logs/AssetImportWorker0.log
-srvPort
55873
Successfully changed project path to: /Users/james/games/Forest
/Users/james/games/Forest
Using Asset Import Pipeline V2.
Refreshing native plugins compatible for Editor in 34.39 ms, found 2 plugins.
Preloading 0 native plugins for Editor in 0.00 ms.
Initialize engine version: 2020.3.22f1 (e1a7f79fd887)
[Subsystems] Discovering subsystems at path /Applications/Unity/Hub/Editor/2020.3.22f1/Unity.app/Contents/Resources/UnitySubsystems
[Subsystems] Discovering subsystems at path /Users/james/games/Forest/Assets
GfxDevice: creating device client; threaded=0
2021-11-30 17:59:33.495 Unity[10307:158693] C27F591 preferred device: AMD Radeon Pro 555X (high power)
2021-11-30 17:59:33.495 Unity[10307:158693] Metal devices available: 2
2021-11-30 17:59:33.495 Unity[10307:158693] 0: AMD Radeon Pro 555X (high power)
2021-11-30 17:59:33.495 Unity[10307:158693] 1: Intel(R) UHD Graphics 630 (low power)
2021-11-30 17:59:33.495 Unity[10307:158693] Using device AMD Radeon Pro 555X (high power)
Initializing Metal device caps: AMD Radeon Pro 555X
Initialize mono
Mono path[0] = '/Applications/Unity/Hub/Editor/2020.3.22f1/Unity.app/Contents/Managed'
Mono path[1] = '/Applications/Unity/Hub/Editor/2020.3.22f1/Unity.app/Contents/MonoBleedingEdge/lib/mono/unityjit'
Mono config path = '/Applications/Unity/Hub/Editor/2020.3.22f1/Unity.app/Contents/MonoBleedingEdge/etc'
Using monoOptions --debugger-agent=transport=dt_socket,embedding=1,server=y,suspend=n,address=127.0.0.1:56307
Begin MonoManager ReloadAssembly
Registering precompiled unity dll's ...
Register platform support module: /Applications/Unity/Hub/Editor/2020.3.22f1/Unity.app/Contents/PlaybackEngines/MacStandaloneSupport/UnityEditor.OSXStandalone.Extensions.dll
Registered in 0.001759 seconds.
Native extension for OSXStandalone target not found
Refreshing native plugins compatible for Editor in 29.77 ms, found 2 plugins.
Preloading 0 native plugins for Editor in 0.00 ms.
Mono: successfully reloaded assembly
- Completed reload, in  4.626 seconds
Domain Reload Profiling:
	ReloadAssembly (4626ms)
		BeginReloadAssembly (45ms)
			ExecutionOrderSort (0ms)
			DisableScriptedObjects (0ms)
			BackupInstance (0ms)
			ReleaseScriptingObjects (0ms)
			CreateAndSetChildDomain (1ms)
		EndReloadAssembly (493ms)
			LoadAssemblies (46ms)
			RebuildTransferFunctionScriptingTraits (0ms)
			SetupTypeCache (174ms)
			ReleaseScriptCaches (0ms)
			RebuildScriptCaches (36ms)
			SetupLoadedEditorAssemblies (201ms)
				LogAssemblyErrors (0ms)
				InitializePlatformSupportModulesInManaged (4ms)
				SetLoadedEditorAssemblies (0ms)
				RefreshPlugins (30ms)
				BeforeProcessingInitializeOnLoad (26ms)
				ProcessInitializeOnLoadAttributes (105ms)
				ProcessInitializeOnLoadMethodAttributes (36ms)
				AfterProcessingInitializeOnLoad (0ms)
				EditorAssembliesLoaded (0ms)
			ExecutionOrderSort2 (0ms)
			AwakeInstancesAfterBackupRestoration (0ms)
Platform modules already initialized, skipping
Registering precompiled user dll's ...
Registered in 0.009646 seconds.
Begin MonoManager ReloadAssembly
Native extension for OSXStandalone target not found
Refreshing native plugins compatible for Editor in 0.34 ms, found 2 plugins.
Preloading 0 native plugins for Editor in 0.00 ms.
Mono: successfully reloaded assembly
- Completed reload, in  1.052 seconds
Domain Reload Profiling:
	ReloadAssembly (1054ms)
		BeginReloadAssembly (139ms)
			ExecutionOrderSort (0ms)
			DisableScriptedObjects (5ms)
			BackupInstance (0ms)
			ReleaseScriptingObjects (0ms)
			CreateAndSetChildDomain (20ms)
		EndReloadAssembly (851ms)
			LoadAssemblies (89ms)
			RebuildTransferFunctionScriptingTraits (0ms)
			SetupTypeCache (305ms)
			ReleaseScriptCaches (0ms)
			RebuildScriptCaches (50ms)
			SetupLoadedEditorAssemblies (301ms)
				LogAssemblyErrors (0ms)
				InitializePlatformSupportModulesInManaged (4ms)
				SetLoadedEditorAssemblies (1ms)
				RefreshPlugins (0ms)
				BeforeProcessingInitializeOnLoad (67ms)
				ProcessInitializeOnLoadAttributes (217ms)
				ProcessInitializeOnLoadMethodAttributes (11ms)
				AfterProcessingInitializeOnLoad (1ms)
				EditorAssembliesLoaded (0ms)
			ExecutionOrderSort2 (0ms)
			AwakeInstancesAfterBackupRestoration (7ms)
Platform modules already initialized, skipping
Validating Project structure ... 0.014959 seconds.
Shader import version has changed; will reimport all shaders...
Upgrading shader files ...0.006565 seconds.
Application.AssetDatabase Initial Script Refresh Start
RefreshInfo: InitialScriptRefreshV2(NoUpdateAssetOptions) scanfilter:  ... 1 filters
RefreshProfiler: Total: 0.000ms
Application.AssetDatabase Initial Script Refresh End
Application.AssetDatabase.Refresh Start
Application.AssetDatabase.Refresh End
RefreshInfo: StopAssetImportingV2(ForceSynchronousImport) scanfilter: 
RefreshProfiler: Total: 0.000ms
Launching external process: /Applications/Unity/Hub/Editor/2020.3.22f1/Unity.app/Contents/Tools/UnityShaderCompiler
Launched and connected shader compiler UnityShaderCompiler after 0.02 seconds
Initializing Unity extensions:
2021-11-30 17:59:40.404 Unity[10307:158693] NSEventModifierFlagFunction specified to -setKeyEquivalentModifierMask: for item <NSMenuItem: 0x600000729110 Font Asset, ke='Command-F12'>, but is only supported for system-provided menu items; will not be used
2021-11-30 17:59:40.407 Unity[10307:158693] NSEventModifierFlagFunction specified to -setKeyEquivalentModifierMask: for item <NSMenuItem: 0x6000007db250 Font Asset, ke='Command-F12'>, but is only supported for system-provided menu items; will not be used
========================================================================
Worker process is ready to serve import requests
Refreshing native plugins compatible for Editor in 0.34 ms, found 2 plugins.
Preloading 0 native plugins for Editor in 0.00 ms.
Unloading 1489 Unused Serialized files (Serialized files now loaded: 0)
System memory in use before: 206.4 MB.
System memory in use after: 206.1 MB.

Unloading 77 unused Assets to reduce memory usage. Loaded Objects now: 1974.
Total: 3.098104 ms (FindLiveObjects: 0.147738 ms CreateObjectMapping: 0.058673 ms MarkObjects: 2.713371 ms  DeleteObjects: 0.177524 ms)

AssetImportParameters requested are different than current active one (requested -> active):
  custom:video-decoder-ogg-theora: a1e56fd34408186e4bbccfd4996cb3dc -> 
  custom:container-muxer-webm: aa71ff27fc2769a1b78a27578f13a17b -> 
  custom:container-demuxer-webm: 4f35f7cbe854078d1ac9338744f61a02 -> 
  custom:container-demuxer-ogg: 62fdf1f143b41e24485cea50d1cbac27 -> 
  custom:video-encoder-webm-vp8: eb34c28f22e8b96e1ab97ce403110664 -> 
  custom:framework-osx-AVFoundation: e770b220cccbd017edd2c1fefb359320 -> 
  custom:video-decoder-webm-vp8: 9c59270c3fd7afecdb556c50c9e8de78 -> 
  custom:audio-decoder-ogg-vorbis: bf7c407c2cedff20999df2af8eb42d56 -> 
  custom:audio-encoder-webm-vorbis: bf7c407c2cedff20999df2af8eb42d56 -> 
========================================================================
Received Import Request.
  path: Assets/ALP8310_Assets/Oak_Forest_Pack_
  artifactKey: Guid(6dde5b1383060c548839fff48c2be535) Importer(815301076,1909f56bfc062723c751e8b465ee728b)
Start importing Assets/ALP8310_Assets/Oak_Forest_Pack_ using Guid(6dde5b1383060c548839fff48c2be535) Importer(815301076,1909f56bfc062723c751e8b465ee728b)  -> (artifact id: '99cead50a1fd60be6c263058d6bbf16b') in 0.003648 seconds 
  Import took 0.007446 seconds .

========================================================================
Received Import Request.
  Time since last request: 0.000231 seconds.
  path: Assets/ALP8310_Assets/Oak_Forest_Pack_/Scenes
  artifactKey: Guid(095aab4565ff1c24bbfe6b0b3f14c0b2) Importer(815301076,1909f56bfc062723c751e8b465ee728b)
Start importing Assets/ALP8310_Assets/Oak_Forest_Pack_/Scenes using Guid(095aab4565ff1c24bbfe6b0b3f14c0b2) Importer(815301076,1909f56bfc062723c751e8b465ee728b)  -> (artifact id: 'd2fffac3df9bffde4e56e32bc865241b') in 0.000717 seconds 
  Import took 0.003962 seconds .

========================================================================
Received Import Request.
  Time since last request: 0.371394 seconds.
  path: Assets/ALP8310_Assets/Oak_Forest_Pack_/Scenes/OakForest_.unity
  artifactKey: Guid(a3372721a94367c43ae7a0a43f710efe) Importer(815301076,1909f56bfc062723c751e8b465ee728b)
Start importing Assets/ALP8310_Assets/Oak_Forest_Pack_/Scenes/OakForest_.unity using Guid(a3372721a94367c43ae7a0a43f710efe) Importer(815301076,1909f56bfc062723c751e8b465ee728b)  -> (artifact id: '87ba2a8091c18c30efde663a348819d2') in 0.010590 seconds 
  Import took 0.013293 seconds .

========================================================================
Received Import Request.
  Time since last request: 98.359264 seconds.
  path: Assets/ALP8310_Assets/Oak_Forest_Pack_/Prefabs/Fly_effect.prefab
  artifactKey: Guid(5750ab8dcd6870146b88ad777f7b0b53) Importer(815301076,1909f56bfc062723c751e8b465ee728b)
Start importing Assets/ALP8310_Assets/Oak_Forest_Pack_/Prefabs/Fly_effect.prefab using Guid(5750ab8dcd6870146b88ad777f7b0b53) Importer(815301076,1909f56bfc062723c751e8b465ee728b)  -> (artifact id: '1b2f9b33e39eb5df6c2d9923f022a26b') in 0.381123 seconds 
  Import took 0.384432 seconds .

========================================================================
Received Import Request.
  Time since last request: 0.003330 seconds.
  path: Assets/ALP8310_Assets/Oak_Forest_Pack_/materials/FlyEffect.mat
  artifactKey: Guid(1b4ebd9f52b79af469cfa0182e9796ee) Importer(815301076,1909f56bfc062723c751e8b465ee728b)
Start importing Assets/ALP8310_Assets/Oak_Forest_Pack_/materials/FlyEffect.mat using Guid(1b4ebd9f52b79af469cfa0182e9796ee) Importer(815301076,1909f56bfc062723c751e8b465ee728b)  -> (artifact id: '01a5e86aee2b411609b4080b9e09525d') in 0.193672 seconds 
  Import took 0.196315 seconds .

========================================================================
Received Import Request.
  Time since last request: 0.003333 seconds.
  path: Assets/ALP8310_Assets/Oak_Forest_Pack_/Prefabs/WindZone_HQ_OakTrees.prefab
  artifactKey: Guid(be312cf196e08a146919a84f610a2d6e) Importer(815301076,1909f56bfc062723c751e8b465ee728b)
Start importing Assets/ALP8310_Assets/Oak_Forest_Pack_/Prefabs/WindZone_HQ_OakTrees.prefab using Guid(be312cf196e08a146919a84f610a2d6e) Importer(815301076,1909f56bfc062723c751e8b465ee728b)  -> (artifact id: 'abc24e8e348cbe5daeeab6a40477b430') in 0.005787 seconds 
  Import took 0.009071 seconds .

========================================================================
Received Import Request.
  Time since last request: 0.281017 seconds.
  path: Assets/ALP8310_Assets/Oak_Forest_Pack_/Prefabs/WindZone_OakForest01.prefab
  artifactKey: Guid(5ba88e9312c2b134b97798641652ca10) Importer(815301076,1909f56bfc062723c751e8b465ee728b)
Start importing Assets/ALP8310_Assets/Oak_Forest_Pack_/Prefabs/WindZone_OakForest01.prefab using Guid(5ba88e9312c2b134b97798641652ca10) Importer(815301076,1909f56bfc062723c751e8b465ee728b)  -> (artifact id: 'b6b5fe20fdc66c41ad2a2be67b59a475') in 0.005628 seconds 
  Import took 0.008558 seconds .

========================================================================
Received Prepare
Registering precompiled user dll's ...
Registered in 0.003829 seconds.
Begin MonoManager ReloadAssembly
Native extension for OSXStandalone target not found
Refreshing native plugins compatible for Editor in 0.37 ms, found 2 plugins.
Preloading 0 native plugins for Editor in 0.00 ms.
2021-11-30 18:03:00.106 Unity[10307:158693] NSEventModifierFlagFunction specified to -setKeyEquivalentModifierMask: for item <NSMenuItem: 0x6000007db410 Font Asset, ke='Command-F12'>, but is only supported for system-provided menu items; will not be used
Mono: successfully reloaded assembly
- Completed reload, in  1.083 seconds
Domain Reload Profiling:
	ReloadAssembly (1083ms)
		BeginReloadAssembly (104ms)
			ExecutionOrderSort (0ms)
			DisableScriptedObjects (5ms)
			BackupInstance (0ms)
			ReleaseScriptingObjects (0ms)
			CreateAndSetChildDomain (44ms)
		EndReloadAssembly (910ms)
			LoadAssemblies (83ms)
			RebuildTransferFunctionScriptingTraits (0ms)
			SetupTypeCache (338ms)
			ReleaseScriptCaches (1ms)
			RebuildScriptCaches (47ms)
			SetupLoadedEditorAssemblies (324ms)
				LogAssemblyErrors (0ms)
				InitializePlatformSupportModulesInManaged (5ms)
				SetLoadedEditorAssemblies (1ms)
				RefreshPlugins (0ms)
				BeforeProcessingInitializeOnLoad (110ms)
				ProcessInitializeOnLoadAttributes (199ms)
				ProcessInitializeOnLoadMethodAttributes (8ms)
				AfterProcessingInitializeOnLoad (1ms)
				EditorAssembliesLoaded (0ms)
			ExecutionOrderSort2 (0ms)
			AwakeInstancesAfterBackupRestoration (7ms)
Platform modules already initialized, skipping
Refreshing native plugins compatible for Editor in 0.36 ms, found 2 plugins.
Preloading 0 native plugins for Editor in 0.00 ms.
Unloading 1482 Unused Serialized files (Serialized files now loaded: 0)
System memory in use before: 214.1 MB.
System memory in use after: 214.2 MB.

Unloading 15 unused Assets to reduce memory usage. Loaded Objects now: 2017.
Total: 2.498881 ms (FindLiveObjects: 0.138348 ms CreateObjectMapping: 0.039148 ms MarkObjects: 2.308220 ms  DeleteObjects: 0.012316 ms)

AssetImportParameters requested are different than current active one (requested -> active):
  custom:video-decoder-ogg-theora: a1e56fd34408186e4bbccfd4996cb3dc -> 
  custom:container-muxer-webm: aa71ff27fc2769a1b78a27578f13a17b -> 
  custom:container-demuxer-webm: 4f35f7cbe854078d1ac9338744f61a02 -> 
  custom:container-demuxer-ogg: 62fdf1f143b41e24485cea50d1cbac27 -> 
  custom:video-encoder-webm-vp8: eb34c28f22e8b96e1ab97ce403110664 -> 
  custom:framework-osx-AVFoundation: e770b220cccbd017edd2c1fefb359320 -> 
  custom:video-decoder-webm-vp8: 9c59270c3fd7afecdb556c50c9e8de78 -> 
  custom:audio-decoder-ogg-vorbis: bf7c407c2cedff20999df2af8eb42d56 -> 
  custom:audio-encoder-webm-vorbis: bf7c407c2cedff20999df2af8eb42d56 -> 
